FILE_TYPE=LIBRARY_PARTS;
PRIMITIVE 'COM_09806','COM_09806_Other';
  PIN
    'CCW':
      PIN_NUMBER='(1)';
      NO_LOAD_CHECK=BOTH;
      NO_IO_CHECK=BOTH;
      ALLOW_CONNECT=TRUE;
      PINUSE='UNSPEC';
    'WIPER':
      PIN_NUMBER='(2)';
      NO_LOAD_CHECK=BOTH;
      NO_IO_CHECK=BOTH;
      ALLOW_CONNECT=TRUE;
      PINUSE='UNSPEC';
    'CW':
      PIN_NUMBER='(3)';
      NO_LOAD_CHECK=BOTH;
      NO_IO_CHECK=BOTH;
      ALLOW_CONNECT=TRUE;
      PINUSE='UNSPEC';
  END_PIN;
  BODY
    PART_NAME='COM_09806';
    PHYS_DES_PREFIX='VR';
    NO_LOAD_CHECK='TRUE';
    PIN_COUNT='3';
    BODY_NAME='COM_09806';
    JEDEC_TYPE='COM09806';
  END_BODY;
END_PRIMITIVE;
END.
