FILE_TYPE=LIBRARY_PARTS;
PRIMITIVE 'KW_DELSS2.CC_BXCY_4L8N_46A8','KW_DELSS2.CC_BXCY_4L8N_46A8_Other';
  PIN
    'K':
      PIN_NUMBER='(1)';
      NO_LOAD_CHECK=BOTH;
      NO_IO_CHECK=BOTH;
      ALLOW_CONNECT=TRUE;
      PINUSE='UNSPEC';
    'A':
      PIN_NUMBER='(2)';
      NO_LOAD_CHECK=BOTH;
      NO_IO_CHECK=BOTH;
      ALLOW_CONNECT=TRUE;
      PINUSE='UNSPEC';
  END_PIN;
  BODY
    PART_NAME='KW_DELSS2.CC_BXCY_4L8N_46A8';
    PHYS_DES_PREFIX='LED';
    NO_LOAD_CHECK='TRUE';
    PIN_COUNT='2';
    BODY_NAME='KW_DELSS2.CC_BXCY_4L8N_46A8';
    JEDEC_TYPE='KWDELSS2CCBXCY4L8N46A8';
  END_BODY;
END_PRIMITIVE;
END.
